<?xml version="1.0" encoding="UTF-8"?>
<!-- Generated by org.testng.reporters.JUnitXMLReporter -->
<testsuite ignored="0" hostname="Saurabhchoudhari" failures="0" tests="4" name="Test" time="0.094" errors="0" timestamp="2024-02-01T15:41:14 IST">
  <testcase classname="MavenPractice.MavenTest.AppiumTest" name="iosApp" time="0.01"/>
  <testcase classname="MavenPractice.MavenTest.AppiumTest" name="nativeAppAndroid" time="0.001"/>
  <testcase classname="MavenPractice.MavenTest.RestAssuredAPITest" name="deleteTwitter" time="0.001"/>
  <testcase classname="MavenPractice.MavenTest.RestAssuredAPITest" name="postJira" time="0.001"/>
</testsuite> <!-- Test -->
